Could not open input file: /var/www/beta.eqonaq.kz/artisan
Could not open input file: /var/www/beta.eqonaq.kz/artisan
Could not open input file: /var/www/beta.eqonaq.kz/artisan
Could not open input file: /var/www/beta.eqonaq.kz/artisan
Could not open input file: /var/www/beta.eqonaq.kz/artisan
Could not open input file: /var/www/beta.eqonaq.kz/artisan
Could not open input file: /var/www/beta.eqonaq.kz/artisan
Could not open input file: /var/www/beta.eqonaq.kz/artisan
Could not open input file: /var/www/beta.eqonaq.kz/artisan
Could not open input file: /var/www/beta.eqonaq.kz/artisan
Could not open input file: /var/www/beta.eqonaq.kz/artisan
Could not open input file: /var/www/beta.eqonaq.kz/artisan
Could not open input file: /var/www/beta.eqonaq.kz/artisan
Could not open input file: /var/www/beta.eqonaq.kz/artisan
Could not open input file: /var/www/beta.eqonaq.kz/artisan
Could not open input file: /var/www/beta.eqonaq.kz/artisan
Could not open input file: /var/www/beta.eqonaq.kz/artisan
Could not open input file: /var/www/beta.eqonaq.kz/artisan
Could not open input file: /var/www/beta.eqonaq.kz/artisan
Could not open input file: /var/www/beta.eqonaq.kz/artisan
Could not open input file: /var/www/beta.eqonaq.kz/artisan
Could not open input file: /var/www/beta.eqonaq.kz/artisan
Could not open input file: /var/www/beta.eqonaq.kz/artisan
Could not open input file: /var/www/beta.eqonaq.kz/artisan
Could not open input file: /var/www/beta.eqonaq.kz/artisan
Could not open input file: /var/www/beta.eqonaq.kz/artisan
Could not open input file: /var/www/beta.eqonaq.kz/artisan
Could not open input file: /var/www/beta.eqonaq.kz/artisan
Could not open input file: /var/www/beta.eqonaq.kz/artisan
Could not open input file: /var/www/beta.eqonaq.kz/artisan
Could not open input file: /var/www/beta.eqonaq.kz/artisan
Could not open input file: /var/www/beta.eqonaq.kz/artisan

   ErrorException  : proc_open(): fork failed - Cannot allocate memory

  at /var/www/api.beta.eqonaq.kz/vendor/symfony/console/Terminal.php:162
    158|             1 => ['pipe', 'w'],
    159|             2 => ['pipe', 'w'],
    160|         ];
    161| 
  > 162|         $process = proc_open($command, $descriptorspec, $pipes, null, null, ['suppress_errors' => true]);
    163|         if (!\is_resource($process)) {
    164|             return null;
    165|         }
    166|

  Exception trace:

  1   proc_open()
      /var/www/api.beta.eqonaq.kz/vendor/symfony/console/Terminal.php:162

  2   Symfony\Component\Console\Terminal::readFromProcess()
      /var/www/api.beta.eqonaq.kz/vendor/symfony/console/Terminal.php:148

  Please use the argument -v to see more details.

mmap() failed: [12] Cannot allocate memory

mmap() failed: [12] Cannot allocate memory

mmap() failed: [12] Cannot allocate memory
PHP Fatal error:  Out of memory (allocated 14680064) (tried to allocate 32768 bytes) in /var/www/api.beta.eqonaq.kz/vendor/laravel/framework/src/Illuminate/Foundation/Providers/ArtisanServiceProvider.php on line 340

   Symfony\Component\Debug\Exception\FatalErrorException  : Out of memory (allocated 14680064) (tried to allocate 32768 bytes)

  at /var/www/api.beta.eqonaq.kz/vendor/laravel/framework/src/Illuminate/Foundation/Providers/ArtisanServiceProvider.php:340
    336|      * @return void
    337|      */
    338|     protected function registerExceptionMakeCommand()
    339|     {
  > 340|         $this->app->singleton('command.exception.make', function ($app) {
    341|             return new ExceptionMakeCommand($app['files']);
    342|         });
    343|     }
    344|


   Whoops\Exception\ErrorException  : Out of memory (allocated 14680064) (tried to allocate 32768 bytes)

  at /var/www/api.beta.eqonaq.kz/vendor/laravel/framework/src/Illuminate/Foundation/Providers/ArtisanServiceProvider.php:340
    336|      * @return void
    337|      */
    338|     protected function registerExceptionMakeCommand()
    339|     {
  > 340|         $this->app->singleton('command.exception.make', function ($app) {
    341|             return new ExceptionMakeCommand($app['files']);
    342|         });
    343|     }
    344|

  Exception trace:

  1   Whoops\Run::handleError()
      /var/www/api.beta.eqonaq.kz/vendor/filp/whoops/src/Whoops/Run.php:408

  2   Whoops\Run::handleShutdown()
      [internal]:0

   ErrorException  : proc_open(): fork failed - Cannot allocate memory

  at /var/www/api.beta.eqonaq.kz/vendor/symfony/console/Terminal.php:162
    158|             1 => ['pipe', 'w'],
    159|             2 => ['pipe', 'w'],
    160|         ];
    161| 
  > 162|         $process = proc_open($command, $descriptorspec, $pipes, null, null, ['suppress_errors' => true]);
    163|         if (!\is_resource($process)) {
    164|             return null;
    165|         }
    166|

  Exception trace:

  1   proc_open()
      /var/www/api.beta.eqonaq.kz/vendor/symfony/console/Terminal.php:162

  2   Symfony\Component\Console\Terminal::readFromProcess()
      /var/www/api.beta.eqonaq.kz/vendor/symfony/console/Terminal.php:148

  Please use the argument -v to see more details.

   ErrorException  : proc_open(): fork failed - Cannot allocate memory

   ErrorException  : proc_open(): fork failed - Cannot allocate memory

  at /var/www/api.beta.eqonaq.kz/vendor/symfony/console/Terminal.php:162
    158|             1 => ['pipe', 'w'],
    159|             2 => ['pipe', 'w'],
    160|         ];
    161| 
  > 162|         $process = proc_open($command, $descriptorspec, $pipes, null, null, ['suppress_errors' => true]);
    163|         if (!\is_resource($process)) {
    164|             return null;
    165|         }
    166|

  Exception trace:

  1   proc_open()
      /var/www/api.beta.eqonaq.kz/vendor/symfony/console/Terminal.php:162

  2   Symfony\Component\Console\Terminal::readFromProcess()
      /var/www/api.beta.eqonaq.kz/vendor/symfony/console/Terminal.php:148

  Please use the argument -v to see more details.

  at /var/www/api.beta.eqonaq.kz/vendor/symfony/console/Terminal.php:162
    158|             1 => ['pipe', 'w'],
    159|             2 => ['pipe', 'w'],
    160|         ];
    161| 
  > 162|         $process = proc_open($command, $descriptorspec, $pipes, null, null, ['suppress_errors' => true]);
    163|         if (!\is_resource($process)) {
    164|             return null;
    165|         }
    166|

  Exception trace:

  1   proc_open()
      /var/www/api.beta.eqonaq.kz/vendor/symfony/console/Terminal.php:162

  2   Symfony\Component\Console\Terminal::readFromProcess()
      /var/www/api.beta.eqonaq.kz/vendor/symfony/console/Terminal.php:148

  Please use the argument -v to see more details.

   ErrorException  : proc_open(): fork failed - Cannot allocate memory

  at /var/www/api.beta.eqonaq.kz/vendor/symfony/console/Terminal.php:162
    158|             1 => ['pipe', 'w'],
    159|             2 => ['pipe', 'w'],
    160|         ];
    161| 
  > 162|         $process = proc_open($command, $descriptorspec, $pipes, null, null, ['suppress_errors' => true]);
    163|         if (!\is_resource($process)) {
    164|             return null;
    165|         }
    166|

  Exception trace:

  1   proc_open()
      /var/www/api.beta.eqonaq.kz/vendor/symfony/console/Terminal.php:162

  2   Symfony\Component\Console\Terminal::readFromProcess()
      /var/www/api.beta.eqonaq.kz/vendor/symfony/console/Terminal.php:148

  Please use the argument -v to see more details.

   ErrorException  : proc_open(): fork failed - Cannot allocate memory

  at /var/www/api.beta.eqonaq.kz/vendor/symfony/console/Terminal.php:162
    158|             1 => ['pipe', 'w'],
    159|             2 => ['pipe', 'w'],
    160|         ];
    161| 
  > 162|         $process = proc_open($command, $descriptorspec, $pipes, null, null, ['suppress_errors' => true]);
    163|         if (!\is_resource($process)) {
    164|             return null;
    165|         }
    166|

  Exception trace:

  1   proc_open()
      /var/www/api.beta.eqonaq.kz/vendor/symfony/console/Terminal.php:162

  2   Symfony\Component\Console\Terminal::readFromProcess()
      /var/www/api.beta.eqonaq.kz/vendor/symfony/console/Terminal.php:148

  Please use the argument -v to see more details.

   ErrorException  : proc_open(): fork failed - Cannot allocate memory

  at /var/www/api.beta.eqonaq.kz/vendor/symfony/console/Terminal.php:162
    158|             1 => ['pipe', 'w'],
    159|             2 => ['pipe', 'w'],
    160|         ];
    161| 
  > 162|         $process = proc_open($command, $descriptorspec, $pipes, null, null, ['suppress_errors' => true]);
    163|         if (!\is_resource($process)) {
    164|             return null;
    165|         }
    166|

  Exception trace:

  1   proc_open()
      /var/www/api.beta.eqonaq.kz/vendor/symfony/console/Terminal.php:162

  2   Symfony\Component\Console\Terminal::readFromProcess()
      /var/www/api.beta.eqonaq.kz/vendor/symfony/console/Terminal.php:148

  Please use the argument -v to see more details.

mmap() failed: [12] Cannot allocate memory

Can't initialize heap: [12] Cannot allocate memory

   ErrorException  : proc_open(): fork failed - Cannot allocate memory

  at /var/www/api.beta.eqonaq.kz/vendor/symfony/console/Terminal.php:162
    158|             1 => ['pipe', 'w'],
    159|             2 => ['pipe', 'w'],
    160|         ];
    161| 
  > 162|         $process = proc_open($command, $descriptorspec, $pipes, null, null, ['suppress_errors' => true]);
    163|         if (!\is_resource($process)) {
    164|             return null;
    165|         }
    166|

  Exception trace:

  1   proc_open()
      /var/www/api.beta.eqonaq.kz/vendor/symfony/console/Terminal.php:162

  2   Symfony\Component\Console\Terminal::readFromProcess()
      /var/www/api.beta.eqonaq.kz/vendor/symfony/console/Terminal.php:148

  Please use the argument -v to see more details.

mmap() failed: [12] Cannot allocate memory
[2020-10-29 05:34:27][562] Processing: App\Jobs\DepartureSend
[2020-10-29 05:34:27][562] Processed:  App\Jobs\DepartureSend
[2020-10-29 05:34:27][563] Processing: App\Jobs\NotifyMvd
[2020-10-29 05:34:27][563] Processed:  App\Jobs\NotifyMvd
